14:25:38 **** Build of configuration Nios II for project nios_software ****
make all 
Info: Building ../nios_software_bsp/
C:/intelFPGA/18.1/nios2eds/bin/gnu/H-x86_64-mingw32/bin/make --no-print-directory -C ../nios_software_bsp/
[BSP build complete]
Info: Compiling Part3.c to obj/default/Part3.o
nios2-elf-gcc -xc -MP -MMD -c -I../nios_software_bsp//HAL/inc -I../nios_software_bsp/ -I../nios_software_bsp//drivers/inc  -pipe -D__hal__ -DALT_NO_INSTRUCTION_EMULATION -DALT_SINGLE_THREADED    -O0 -g -Wall   -mno-hw-div -mno-hw-mul -mno-hw-mulx -mgpopt=global  -o obj/default/Part3.o Part3.c
Part3.c:93:6: warning: return type of 'main' is not 'int' [-Wmain]
 void main(void){
      ^
Part3.c: In function 'main':
Part3.c:99:73: warning: passing argument 3 of 'alt_ic_isr_register' from incompatible pointer type [-Wincompatible-pointer-types]
     alt_ic_isr_register(TIMER_0_IRQ_INTERRUPT_CONTROLLER_ID,TIMER_0_IRQ,timer0_isr,0,0);
                                                                         ^
In file included from Part3.c:12:0:
../nios_software_bsp//HAL/inc/sys/alt_irq.h:195:12: note: expected 'alt_isr_func {aka void (*)(void *)}' but argument is of type 'void (*)(void)'
 extern int alt_ic_isr_register(alt_u32 ic_id,
            ^
Info: Linking nios_software.elf
nios2-elf-g++  -T'../nios_software_bsp//linker.x' -msys-crt0='../nios_software_bsp//obj/HAL/src/crt0.o' -msys-lib=hal_bsp -L../nios_software_bsp/   -Wl,-Map=nios_software.map   -O0 -g -Wall   -mno-hw-div -mno-hw-mul -mno-hw-mulx -mgpopt=global  -o nios_software.elf obj/default/Part3.o -lm -msys-lib=m
nios2-elf-insert nios_software.elf --thread_model hal --cpu_name nios2_gen2_0 --qsys true --simulation_enabled false --id 0 --sidp 0x11060 --timestamp 1738945534 --stderr_dev jtag_uart_0 --stdin_dev jtag_uart_0 --stdout_dev jtag_uart_0 --sopc_system_name nios_system --quartus_project_dir "S:/ESD_1/lab__work/Lab_3" --jdi ../..//output_files/Lab3.jdi --sopcinfo S:/ESD_1/lab__work/Lab_3/software/nios_software_bsp/../../nios_system.sopcinfo
Info: (nios_software.elf) 15 KBytes program size (code + initialized data).
Info:                     10 KBytes free for stack + heap.
Info: Creating nios_software.objdump
nios2-elf-objdump --disassemble --syms --all-header --source nios_software.elf >nios_software.objdump
[nios_software build complete]
14:25:47 **** Incremental Build of configuration Nios II for project nios_software ****
make all 
Info: Building ../nios_software_bsp/
C:/intelFPGA/18.1/nios2eds/bin/gnu/H-x86_64-mingw32/bin/make --no-print-directory -C ../nios_software_bsp/
[BSP build complete]
[nios_software build complete]
