Analysis & Synthesis report for Lab_4
Fri Feb 28 14:31:59 2025
Quartus Prime Version 18.1.0 Build 625 09/12/2018 SJ Standard Edition


---------------------
; Table of Contents ;
---------------------
  1. Legal Notice
  2. Analysis & Synthesis Summary
  3. Analysis & Synthesis Settings
  4. Parallel Compilation
  5. Analysis & Synthesis Source Files Read
  6. Analysis & Synthesis Resource Usage Summary
  7. Analysis & Synthesis Resource Utilization by Entity
  8. State Machine - |Lab4|servo_controller:functional|current_state
  9. Registers Removed During Synthesis
 10. General Register Statistics
 11. Inverted Register Statistics
 12. Multiplexer Restructuring Statistics (Restructuring Performed)
 13. Parameter Settings for User Entity Instance: synchronizer:sync_keys
 14. Parameter Settings for User Entity Instance: servo_controller:functional
 15. Port Connectivity Checks: "servo_controller:functional"
 16. Port Connectivity Checks: "synchronizer:sync_keys"
 17. Post-Synthesis Netlist Statistics for Top Partition
 18. Elapsed Time Per Partition
 19. Analysis & Synthesis Messages



----------------
; Legal Notice ;
----------------
Copyright (C) 2018  Intel Corporation. All rights reserved.
Your use of Intel Corporation's design tools, logic functions 
and other software and tools, and its AMPP partner logic 
functions, and any output files from any of the foregoing 
(including device programming or simulation files), and any 
associated documentation or information are expressly subject 
to the terms and conditions of the Intel Program License 
Subscription Agreement, the Intel Quartus Prime License Agreement,
the Intel FPGA IP License Agreement, or other applicable license
agreement, including, without limitation, that your use is for
the sole purpose of programming logic devices manufactured by
Intel and sold by Intel or its authorized distributors.  Please
refer to the applicable agreement for further details.



+-----------------------------------------------------------------------------------+
; Analysis & Synthesis Summary                                                      ;
+---------------------------------+-------------------------------------------------+
; Analysis & Synthesis Status     ; Successful - Fri Feb 28 14:31:59 2025           ;
; Quartus Prime Version           ; 18.1.0 Build 625 09/12/2018 SJ Standard Edition ;
; Revision Name                   ; Lab_4                                           ;
; Top-level Entity Name           ; Lab4                                            ;
; Family                          ; Cyclone V                                       ;
; Logic utilization (in ALMs)     ; N/A                                             ;
; Total registers                 ; 70                                              ;
; Total pins                      ; 41                                              ;
; Total virtual pins              ; 0                                               ;
; Total block memory bits         ; 0                                               ;
; Total DSP Blocks                ; 0                                               ;
; Total HSSI RX PCSs              ; 0                                               ;
; Total HSSI PMA RX Deserializers ; 0                                               ;
; Total HSSI TX PCSs              ; 0                                               ;
; Total HSSI PMA TX Serializers   ; 0                                               ;
; Total PLLs                      ; 0                                               ;
; Total DLLs                      ; 0                                               ;
+---------------------------------+-------------------------------------------------+


+---------------------------------------------------------------------------------------------------------------------------+
; Analysis & Synthesis Settings                                                                                             ;
+---------------------------------------------------------------------------------+--------------------+--------------------+
; Option                                                                          ; Setting            ; Default Value      ;
+---------------------------------------------------------------------------------+--------------------+--------------------+
; Device                                                                          ; 5CSEMA5F31C6       ;                    ;
; Top-level entity name                                                           ; Lab4               ; Lab_4              ;
; Family name                                                                     ; Cyclone V          ; Cyclone V          ;
; Use smart compilation                                                           ; Off                ; Off                ;
; Enable parallel Assembler and Timing Analyzer during compilation                ; On                 ; On                 ;
; Enable compact report table                                                     ; Off                ; Off                ;
; Restructure Multiplexers                                                        ; Auto               ; Auto               ;
; MLAB Add Timing Constraints For Mixed-Port Feed-Through Mode Setting Don't Care ; Off                ; Off                ;
; Create Debugging Nodes for IP Cores                                             ; Off                ; Off                ;
; Preserve fewer node names                                                       ; On                 ; On                 ;
; Intel FPGA IP Evaluation Mode                                                   ; Enable             ; Enable             ;
; Verilog Version                                                                 ; Verilog_2001       ; Verilog_2001       ;
; VHDL Version                                                                    ; VHDL_1993          ; VHDL_1993          ;
; State Machine Processing                                                        ; Auto               ; Auto               ;
; Safe State Machine                                                              ; Off                ; Off                ;
; Extract Verilog State Machines                                                  ; On                 ; On                 ;
; Extract VHDL State Machines                                                     ; On                 ; On                 ;
; Ignore Verilog initial constructs                                               ; Off                ; Off                ;
; Iteration limit for constant Verilog loops                                      ; 5000               ; 5000               ;
; Iteration limit for non-constant Verilog loops                                  ; 250                ; 250                ;
; Add Pass-Through Logic to Inferred RAMs                                         ; On                 ; On                 ;
; Infer RAMs from Raw Logic                                                       ; On                 ; On                 ;
; Parallel Synthesis                                                              ; On                 ; On                 ;
; DSP Block Balancing                                                             ; Auto               ; Auto               ;
; NOT Gate Push-Back                                                              ; On                 ; On                 ;
; Power-Up Don't Care                                                             ; On                 ; On                 ;
; Remove Redundant Logic Cells                                                    ; Off                ; Off                ;
; Remove Duplicate Registers                                                      ; On                 ; On                 ;
; Ignore CARRY Buffers                                                            ; Off                ; Off                ;
; Ignore CASCADE Buffers                                                          ; Off                ; Off                ;
; Ignore GLOBAL Buffers                                                           ; Off                ; Off                ;
; Ignore ROW GLOBAL Buffers                                                       ; Off                ; Off                ;
; Ignore LCELL Buffers                                                            ; Off                ; Off                ;
; Ignore SOFT Buffers                                                             ; On                 ; On                 ;
; Limit AHDL Integers to 32 Bits                                                  ; Off                ; Off                ;
; Optimization Technique                                                          ; Balanced           ; Balanced           ;
; Carry Chain Length                                                              ; 70                 ; 70                 ;
; Auto Carry Chains                                                               ; On                 ; On                 ;
; Auto Open-Drain Pins                                                            ; On                 ; On                 ;
; Perform WYSIWYG Primitive Resynthesis                                           ; Off                ; Off                ;
; Auto ROM Replacement                                                            ; On                 ; On                 ;
; Auto RAM Replacement                                                            ; On                 ; On                 ;
; Auto DSP Block Replacement                                                      ; On                 ; On                 ;
; Auto Shift Register Replacement                                                 ; Auto               ; Auto               ;
; Allow Shift Register Merging across Hierarchies                                 ; Auto               ; Auto               ;
; Auto Clock Enable Replacement                                                   ; On                 ; On                 ;
; Strict RAM Replacement                                                          ; Off                ; Off                ;
; Allow Synchronous Control Signals                                               ; On                 ; On                 ;
; Force Use of Synchronous Clear Signals                                          ; Off                ; Off                ;
; Auto Resource Sharing                                                           ; Off                ; Off                ;
; Allow Any RAM Size For Recognition                                              ; Off                ; Off                ;
; Allow Any ROM Size For Recognition                                              ; Off                ; Off                ;
; Allow Any Shift Register Size For Recognition                                   ; Off                ; Off                ;
; Use LogicLock Constraints during Resource Balancing                             ; On                 ; On                 ;
; Ignore translate_off and synthesis_off directives                               ; Off                ; Off                ;
; Timing-Driven Synthesis                                                         ; On                 ; On                 ;
; Report Parameter Settings                                                       ; On                 ; On                 ;
; Report Source Assignments                                                       ; On                 ; On                 ;
; Report Connectivity Checks                                                      ; On                 ; On                 ;
; Ignore Maximum Fan-Out Assignments                                              ; Off                ; Off                ;
; Synchronization Register Chain Length                                           ; 3                  ; 3                  ;
; Power Optimization During Synthesis                                             ; Normal compilation ; Normal compilation ;
; HDL message level                                                               ; Level2             ; Level2             ;
; Suppress Register Optimization Related Messages                                 ; Off                ; Off                ;
; Number of Removed Registers Reported in Synthesis Report                        ; 5000               ; 5000               ;
; Number of Swept Nodes Reported in Synthesis Report                              ; 5000               ; 5000               ;
; Number of Inverted Registers Reported in Synthesis Report                       ; 100                ; 100                ;
; Clock MUX Protection                                                            ; On                 ; On                 ;
; Auto Gated Clock Conversion                                                     ; Off                ; Off                ;
; Block Design Naming                                                             ; Auto               ; Auto               ;
; SDC constraint protection                                                       ; Off                ; Off                ;
; Synthesis Effort                                                                ; Auto               ; Auto               ;
; Shift Register Replacement - Allow Asynchronous Clear Signal                    ; On                 ; On                 ;
; Pre-Mapping Resynthesis Optimization                                            ; Off                ; Off                ;
; Analysis & Synthesis Message Level                                              ; Medium             ; Medium             ;
; Disable Register Merging Across Hierarchies                                     ; Auto               ; Auto               ;
; Resource Aware Inference For Block RAM                                          ; On                 ; On                 ;
; Automatic Parallel Synthesis                                                    ; On                 ; On                 ;
; Partial Reconfiguration Bitstream ID                                            ; Off                ; Off                ;
+---------------------------------------------------------------------------------+--------------------+--------------------+


+------------------------------------------+
; Parallel Compilation                     ;
+----------------------------+-------------+
; Processors                 ; Number      ;
+----------------------------+-------------+
; Number detected on machine ; 20          ;
; Maximum allowed            ; 10          ;
;                            ;             ;
; Average used               ; 1.00        ;
; Maximum used               ; 10          ;
;                            ;             ;
; Usage by Processor         ; % Time Used ;
;     Processor 1            ; 100.0%      ;
;     Processors 2-10        ;   0.0%      ;
+----------------------------+-------------+


+--------------------------------------------------------------------------------------------------------------------------------+
; Analysis & Synthesis Source Files Read                                                                                         ;
+----------------------------------+-----------------+-----------------+-----------------------------------------------+---------+
; File Name with User-Entered Path ; Used in Netlist ; File Type       ; File Name with Absolute Path                  ; Library ;
+----------------------------------+-----------------+-----------------+-----------------------------------------------+---------+
; Lab4.vhd                         ; yes             ; User VHDL File  ; S:/ESD_1/lab__work/Lab_4/Lab4.vhd             ;         ;
; synchronizer.vhd                 ; yes             ; User VHDL File  ; S:/ESD_1/lab__work/Lab_4/synchronizer.vhd     ;         ;
; components.vhd                   ; yes             ; User VHDL File  ; S:/ESD_1/lab__work/Lab_4/components.vhd       ;         ;
; servo_controller.vhd             ; yes             ; User VHDL File  ; S:/ESD_1/lab__work/Lab_4/servo_controller.vhd ;         ;
+----------------------------------+-----------------+-----------------+-----------------------------------------------+---------+


+--------------------------------------------------------------+
; Analysis & Synthesis Resource Usage Summary                  ;
+---------------------------------------------+----------------+
; Resource                                    ; Usage          ;
+---------------------------------------------+----------------+
; Estimate of Logic utilization (ALMs needed) ; 79             ;
;                                             ;                ;
; Combinational ALUT usage for logic          ; 126            ;
;     -- 7 input functions                    ; 0              ;
;     -- 6 input functions                    ; 31             ;
;     -- 5 input functions                    ; 6              ;
;     -- 4 input functions                    ; 7              ;
;     -- <=3 input functions                  ; 82             ;
;                                             ;                ;
; Dedicated logic registers                   ; 70             ;
;                                             ;                ;
; I/O pins                                    ; 41             ;
;                                             ;                ;
; Total DSP Blocks                            ; 0              ;
;                                             ;                ;
; Maximum fan-out node                        ; CLOCK_50~input ;
; Maximum fan-out                             ; 70             ;
; Total fan-out                               ; 742            ;
; Average fan-out                             ; 2.67           ;
+---------------------------------------------+----------------+


+-----------------------------------------------------------------------------------------------------------------------------------------------------------------------------------------------------------------+
; Analysis & Synthesis Resource Utilization by Entity                                                                                                                                                             ;
+----------------------------------+---------------------+---------------------------+-------------------+------------+------+--------------+-----------------------------------+------------------+--------------+
; Compilation Hierarchy Node       ; Combinational ALUTs ; Dedicated Logic Registers ; Block Memory Bits ; DSP Blocks ; Pins ; Virtual Pins ; Full Hierarchy Name               ; Entity Name      ; Library Name ;
+----------------------------------+---------------------+---------------------------+-------------------+------------+------+--------------+-----------------------------------+------------------+--------------+
; |Lab4                            ; 126 (0)             ; 70 (0)                    ; 0                 ; 0          ; 41   ; 0            ; |Lab4                             ; Lab4             ; work         ;
;    |servo_controller:functional| ; 126 (126)           ; 68 (68)                   ; 0                 ; 0          ; 0    ; 0            ; |Lab4|servo_controller:functional ; servo_controller ; work         ;
;    |synchronizer:sync_keys|      ; 0 (0)               ; 2 (2)                     ; 0                 ; 0          ; 0    ; 0            ; |Lab4|synchronizer:sync_keys      ; synchronizer     ; work         ;
+----------------------------------+---------------------+---------------------------+-------------------+------------+------+--------------+-----------------------------------+------------------+--------------+
Note: For table entries with two numbers listed, the numbers in parentheses indicate the number of resources of the given type used by the specific entity alone. The numbers listed outside of parentheses indicate the total resources of the given type used by the specific entity and all of its sub-entities in the hierarchy.


Encoding Type:  One-Hot
+-------------------------------------------------------------------------------------------------------------------+
; State Machine - |Lab4|servo_controller:functional|current_state                                                   ;
+-----------------------+---------------------+-----------------------+---------------------+-----------------------+
; Name                  ; current_state.int_L ; current_state.sweep_L ; current_state.int_R ; current_state.sweep_R ;
+-----------------------+---------------------+-----------------------+---------------------+-----------------------+
; current_state.sweep_R ; 0                   ; 0                     ; 0                   ; 0                     ;
; current_state.int_R   ; 0                   ; 0                     ; 1                   ; 1                     ;
; current_state.sweep_L ; 0                   ; 1                     ; 0                   ; 1                     ;
; current_state.int_L   ; 1                   ; 0                     ; 0                   ; 1                     ;
+-----------------------+---------------------+-----------------------+---------------------+-----------------------+


+-----------------------------------------------------------------------------------------------------------------------+
; Registers Removed During Synthesis                                                                                    ;
+---------------------------------------------------------------+-------------------------------------------------------+
; Register name                                                 ; Reason for Removal                                    ;
+---------------------------------------------------------------+-------------------------------------------------------+
; servo_controller:functional|min_angle[16..31]                 ; Stuck at GND due to stuck port data_in                ;
; servo_controller:functional|min_angle[14,15]                  ; Stuck at VCC due to stuck port data_in                ;
; servo_controller:functional|min_angle[10..13]                 ; Stuck at GND due to stuck port data_in                ;
; servo_controller:functional|min_angle[8,9]                    ; Stuck at VCC due to stuck port data_in                ;
; servo_controller:functional|min_angle[7]                      ; Stuck at GND due to stuck port data_in                ;
; servo_controller:functional|min_angle[6]                      ; Stuck at VCC due to stuck port data_in                ;
; servo_controller:functional|min_angle[5]                      ; Stuck at GND due to stuck port data_in                ;
; servo_controller:functional|max_angle[0..4,6,8,11..14,17..30] ; Merged with servo_controller:functional|max_angle[31] ;
; servo_controller:functional|max_angle[5,7,9,10,15]            ; Merged with servo_controller:functional|max_angle[16] ;
; servo_controller:functional|min_angle[1..4]                   ; Merged with servo_controller:functional|min_angle[0]  ;
; servo_controller:functional|max_angle[31]                     ; Stuck at GND due to stuck port data_in                ;
; servo_controller:functional|max_angle[16]                     ; Stuck at VCC due to stuck port data_in                ;
; Total Number of Removed Registers = 63                        ;                                                       ;
+---------------------------------------------------------------+-------------------------------------------------------+


+------------------------------------------------------+
; General Register Statistics                          ;
+----------------------------------------------+-------+
; Statistic                                    ; Value ;
+----------------------------------------------+-------+
; Total registers                              ; 70    ;
; Number of registers using Synchronous Clear  ; 32    ;
; Number of registers using Synchronous Load   ; 0     ;
; Number of registers using Asynchronous Clear ; 68    ;
; Number of registers using Asynchronous Load  ; 0     ;
; Number of registers using Clock Enable       ; 30    ;
; Number of registers using Preset             ; 0     ;
+----------------------------------------------+-------+


+-----------------------------------------------------+
; Inverted Register Statistics                        ;
+-------------------------------------------+---------+
; Inverted Register                         ; Fan out ;
+-------------------------------------------+---------+
; servo_controller:functional|angle_cnt[4]  ; 3       ;
; servo_controller:functional|angle_cnt[6]  ; 5       ;
; servo_controller:functional|angle_cnt[14] ; 5       ;
; servo_controller:functional|angle_cnt[9]  ; 5       ;
; servo_controller:functional|angle_cnt[8]  ; 5       ;
; servo_controller:functional|angle_cnt[15] ; 6       ;
; Total number of inverted registers = 6    ;         ;
+-------------------------------------------+---------+


+---------------------------------------------------------------------------------------------------------------------------------------------------------------+
; Multiplexer Restructuring Statistics (Restructuring Performed)                                                                                                ;
+--------------------+-----------+---------------+----------------------+------------------------+------------+-------------------------------------------------+
; Multiplexer Inputs ; Bus Width ; Baseline Area ; Area if Restructured ; Saving if Restructured ; Registered ; Example Multiplexer Output                      ;
+--------------------+-----------+---------------+----------------------+------------------------+------------+-------------------------------------------------+
; 5:1                ; 24 bits   ; 72 LEs        ; 24 LEs               ; 48 LEs                 ; Yes        ; |Lab4|servo_controller:functional|angle_cnt[31] ;
; 5:1                ; 6 bits    ; 18 LEs        ; 6 LEs                ; 12 LEs                 ; Yes        ; |Lab4|servo_controller:functional|angle_cnt[15] ;
+--------------------+-----------+---------------+----------------------+------------------------+------------+-------------------------------------------------+


+---------------------------------------------------------------------+
; Parameter Settings for User Entity Instance: synchronizer:sync_keys ;
+----------------+-------+--------------------------------------------+
; Parameter Name ; Value ; Type                                       ;
+----------------+-------+--------------------------------------------+
; size           ; 4     ; Signed Integer                             ;
+----------------+-------+--------------------------------------------+
Note: In order to hide this table in the UI and the text report file, please set the "Show Parameter Settings in Synthesis Report" option in "Analysis and Synthesis Settings -> More Settings" to "Off".


+--------------------------------------------------------------------------+
; Parameter Settings for User Entity Instance: servo_controller:functional ;
+----------------+--------------+------------------------------------------+
; Parameter Name ; Value        ; Type                                     ;
+----------------+--------------+------------------------------------------+
; iterator       ; 000111110100 ; Unsigned Binary                          ;
+----------------+--------------+------------------------------------------+
Note: In order to hide this table in the UI and the text report file, please set the "Show Parameter Settings in Synthesis Report" option in "Analysis and Synthesis Settings -> More Settings" to "Off".


+--------------------------------------------------------------------------------------------------------------------------+
; Port Connectivity Checks: "servo_controller:functional"                                                                  ;
+----------------+--------+----------+-------------------------------------------------------------------------------------+
; Port           ; Type   ; Severity ; Details                                                                             ;
+----------------+--------+----------+-------------------------------------------------------------------------------------+
; we             ; Input  ; Info     ; Stuck at VCC                                                                        ;
; addr           ; Input  ; Info     ; Stuck at GND                                                                        ;
; w_data[15..14] ; Input  ; Info     ; Stuck at VCC                                                                        ;
; w_data[9..8]   ; Input  ; Info     ; Stuck at VCC                                                                        ;
; w_data[3..0]   ; Input  ; Info     ; Stuck at VCC                                                                        ;
; w_data[31..16] ; Input  ; Info     ; Stuck at GND                                                                        ;
; w_data[13..10] ; Input  ; Info     ; Stuck at GND                                                                        ;
; w_data[5..4]   ; Input  ; Info     ; Stuck at GND                                                                        ;
; w_data[7]      ; Input  ; Info     ; Stuck at GND                                                                        ;
; w_data[6]      ; Input  ; Info     ; Stuck at VCC                                                                        ;
; irq            ; Output ; Info     ; Connected to dangling logic. Logic that only feeds a dangling port will be removed. ;
+----------------+--------+----------+-------------------------------------------------------------------------------------+


+--------------------------------------------------------------------------------------------------------------------------+
; Port Connectivity Checks: "synchronizer:sync_keys"                                                                       ;
+----------------+--------+----------+-------------------------------------------------------------------------------------+
; Port           ; Type   ; Severity ; Details                                                                             ;
+----------------+--------+----------+-------------------------------------------------------------------------------------+
; reset_n        ; Input  ; Info     ; Stuck at VCC                                                                        ;
; sync_out[3..1] ; Output ; Info     ; Connected to dangling logic. Logic that only feeds a dangling port will be removed. ;
+----------------+--------+----------+-------------------------------------------------------------------------------------+


+-----------------------------------------------------+
; Post-Synthesis Netlist Statistics for Top Partition ;
+-----------------------+-----------------------------+
; Type                  ; Count                       ;
+-----------------------+-----------------------------+
; arriav_ff             ; 70                          ;
;     CLR               ; 6                           ;
;     CLR SCLR          ; 32                          ;
;     ENA CLR           ; 30                          ;
;     plain             ; 2                           ;
; arriav_lcell_comb     ; 127                         ;
;     arith             ; 62                          ;
;         1 data inputs ; 33                          ;
;         2 data inputs ; 29                          ;
;     normal            ; 65                          ;
;         0 data inputs ; 1                           ;
;         1 data inputs ; 6                           ;
;         2 data inputs ; 12                          ;
;         3 data inputs ; 2                           ;
;         4 data inputs ; 7                           ;
;         5 data inputs ; 6                           ;
;         6 data inputs ; 31                          ;
; boundary_port         ; 41                          ;
;                       ;                             ;
; Max LUT depth         ; 4.10                        ;
; Average LUT depth     ; 3.32                        ;
+-----------------------+-----------------------------+


+-------------------------------+
; Elapsed Time Per Partition    ;
+----------------+--------------+
; Partition Name ; Elapsed Time ;
+----------------+--------------+
; Top            ; 00:00:00     ;
+----------------+--------------+


+-------------------------------+
; Analysis & Synthesis Messages ;
+-------------------------------+
Info: *******************************************************************
Info: Running Quartus Prime Analysis & Synthesis
    Info: Version 18.1.0 Build 625 09/12/2018 SJ Standard Edition
    Info: Processing started: Fri Feb 28 14:31:49 2025
Info: Command: quartus_map --read_settings_files=on --write_settings_files=off Lab_4 -c Lab_4
Warning (18236): Number of processors has not been specified which may cause overloading on shared machines.  Set the global assignment NUM_PARALLEL_PROCESSORS in your QSF to an appropriate value for best performance.
Info (20030): Parallel compilation is enabled and will use 10 of the 10 processors detected
Info (12021): Found 2 design units, including 1 entities, in source file lab4.vhd
    Info (12022): Found design unit 1: Lab4-model File: S:/ESD_1/lab__work/Lab_4/Lab4.vhd Line: 21
    Info (12023): Found entity 1: Lab4 File: S:/ESD_1/lab__work/Lab_4/Lab4.vhd Line: 14
Info (12021): Found 2 design units, including 1 entities, in source file synchronizer.vhd
    Info (12022): Found design unit 1: synchronizer-beh File: S:/ESD_1/lab__work/Lab_4/synchronizer.vhd Line: 19
    Info (12023): Found entity 1: synchronizer File: S:/ESD_1/lab__work/Lab_4/synchronizer.vhd Line: 8
Info (12021): Found 1 design units, including 0 entities, in source file components.vhd
    Info (12022): Found design unit 1: components File: S:/ESD_1/lab__work/Lab_4/components.vhd Line: 9
Info (12021): Found 2 design units, including 1 entities, in source file servo_controller.vhd
    Info (12022): Found design unit 1: servo_controller-model File: S:/ESD_1/lab__work/Lab_4/servo_controller.vhd Line: 30
    Info (12023): Found entity 1: servo_controller File: S:/ESD_1/lab__work/Lab_4/servo_controller.vhd Line: 14
Info (12127): Elaborating entity "Lab4" for the top level hierarchy
Warning (10873): Using initial value X (don't care) for net "GPIO_0[35..4]" at Lab4.vhd(17) File: S:/ESD_1/lab__work/Lab_4/Lab4.vhd Line: 17
Warning (10873): Using initial value X (don't care) for net "GPIO_0[2..0]" at Lab4.vhd(17) File: S:/ESD_1/lab__work/Lab_4/Lab4.vhd Line: 17
Info (12128): Elaborating entity "synchronizer" for hierarchy "synchronizer:sync_keys" File: S:/ESD_1/lab__work/Lab_4/Lab4.vhd Line: 29
Info (12128): Elaborating entity "servo_controller" for hierarchy "servo_controller:functional" File: S:/ESD_1/lab__work/Lab_4/Lab4.vhd Line: 42
Warning (10631): VHDL Process Statement warning at servo_controller.vhd(119): inferring latch(es) for signal or variable "angle_cnt", which holds its previous value in one or more paths through the process File: S:/ESD_1/lab__work/Lab_4/servo_controller.vhd Line: 119
Info (10041): Inferred latch for "angle_cnt[0]" at servo_controller.vhd(119) File: S:/ESD_1/lab__work/Lab_4/servo_controller.vhd Line: 119
Info (10041): Inferred latch for "angle_cnt[1]" at servo_controller.vhd(119) File: S:/ESD_1/lab__work/Lab_4/servo_controller.vhd Line: 119
Warning (13024): Output pins are stuck at VCC or GND
    Warning (13410): Pin "GPIO_0[0]" is stuck at GND File: S:/ESD_1/lab__work/Lab_4/Lab4.vhd Line: 17
    Warning (13410): Pin "GPIO_0[1]" is stuck at GND File: S:/ESD_1/lab__work/Lab_4/Lab4.vhd Line: 17
    Warning (13410): Pin "GPIO_0[2]" is stuck at GND File: S:/ESD_1/lab__work/Lab_4/Lab4.vhd Line: 17
    Warning (13410): Pin "GPIO_0[4]" is stuck at GND File: S:/ESD_1/lab__work/Lab_4/Lab4.vhd Line: 17
    Warning (13410): Pin "GPIO_0[5]" is stuck at GND File: S:/ESD_1/lab__work/Lab_4/Lab4.vhd Line: 17
    Warning (13410): Pin "GPIO_0[6]" is stuck at GND File: S:/ESD_1/lab__work/Lab_4/Lab4.vhd Line: 17
    Warning (13410): Pin "GPIO_0[7]" is stuck at GND File: S:/ESD_1/lab__work/Lab_4/Lab4.vhd Line: 17
    Warning (13410): Pin "GPIO_0[8]" is stuck at GND File: S:/ESD_1/lab__work/Lab_4/Lab4.vhd Line: 17
    Warning (13410): Pin "GPIO_0[9]" is stuck at GND File: S:/ESD_1/lab__work/Lab_4/Lab4.vhd Line: 17
    Warning (13410): Pin "GPIO_0[10]" is stuck at GND File: S:/ESD_1/lab__work/Lab_4/Lab4.vhd Line: 17
    Warning (13410): Pin "GPIO_0[11]" is stuck at GND File: S:/ESD_1/lab__work/Lab_4/Lab4.vhd Line: 17
    Warning (13410): Pin "GPIO_0[12]" is stuck at GND File: S:/ESD_1/lab__work/Lab_4/Lab4.vhd Line: 17
    Warning (13410): Pin "GPIO_0[13]" is stuck at GND File: S:/ESD_1/lab__work/Lab_4/Lab4.vhd Line: 17
    Warning (13410): Pin "GPIO_0[14]" is stuck at GND File: S:/ESD_1/lab__work/Lab_4/Lab4.vhd Line: 17
    Warning (13410): Pin "GPIO_0[15]" is stuck at GND File: S:/ESD_1/lab__work/Lab_4/Lab4.vhd Line: 17
    Warning (13410): Pin "GPIO_0[16]" is stuck at GND File: S:/ESD_1/lab__work/Lab_4/Lab4.vhd Line: 17
    Warning (13410): Pin "GPIO_0[17]" is stuck at GND File: S:/ESD_1/lab__work/Lab_4/Lab4.vhd Line: 17
    Warning (13410): Pin "GPIO_0[18]" is stuck at GND File: S:/ESD_1/lab__work/Lab_4/Lab4.vhd Line: 17
    Warning (13410): Pin "GPIO_0[19]" is stuck at GND File: S:/ESD_1/lab__work/Lab_4/Lab4.vhd Line: 17
    Warning (13410): Pin "GPIO_0[20]" is stuck at GND File: S:/ESD_1/lab__work/Lab_4/Lab4.vhd Line: 17
    Warning (13410): Pin "GPIO_0[21]" is stuck at GND File: S:/ESD_1/lab__work/Lab_4/Lab4.vhd Line: 17
    Warning (13410): Pin "GPIO_0[22]" is stuck at GND File: S:/ESD_1/lab__work/Lab_4/Lab4.vhd Line: 17
    Warning (13410): Pin "GPIO_0[23]" is stuck at GND File: S:/ESD_1/lab__work/Lab_4/Lab4.vhd Line: 17
    Warning (13410): Pin "GPIO_0[24]" is stuck at GND File: S:/ESD_1/lab__work/Lab_4/Lab4.vhd Line: 17
    Warning (13410): Pin "GPIO_0[25]" is stuck at GND File: S:/ESD_1/lab__work/Lab_4/Lab4.vhd Line: 17
    Warning (13410): Pin "GPIO_0[26]" is stuck at GND File: S:/ESD_1/lab__work/Lab_4/Lab4.vhd Line: 17
    Warning (13410): Pin "GPIO_0[27]" is stuck at GND File: S:/ESD_1/lab__work/Lab_4/Lab4.vhd Line: 17
    Warning (13410): Pin "GPIO_0[28]" is stuck at GND File: S:/ESD_1/lab__work/Lab_4/Lab4.vhd Line: 17
    Warning (13410): Pin "GPIO_0[29]" is stuck at GND File: S:/ESD_1/lab__work/Lab_4/Lab4.vhd Line: 17
    Warning (13410): Pin "GPIO_0[30]" is stuck at GND File: S:/ESD_1/lab__work/Lab_4/Lab4.vhd Line: 17
    Warning (13410): Pin "GPIO_0[31]" is stuck at GND File: S:/ESD_1/lab__work/Lab_4/Lab4.vhd Line: 17
    Warning (13410): Pin "GPIO_0[32]" is stuck at GND File: S:/ESD_1/lab__work/Lab_4/Lab4.vhd Line: 17
    Warning (13410): Pin "GPIO_0[33]" is stuck at GND File: S:/ESD_1/lab__work/Lab_4/Lab4.vhd Line: 17
    Warning (13410): Pin "GPIO_0[34]" is stuck at GND File: S:/ESD_1/lab__work/Lab_4/Lab4.vhd Line: 17
    Warning (13410): Pin "GPIO_0[35]" is stuck at GND File: S:/ESD_1/lab__work/Lab_4/Lab4.vhd Line: 17
Info (286030): Timing-Driven Synthesis is running
Info (16010): Generating hard_block partition "hard_block:auto_generated_inst"
    Info (16011): Adding 0 node(s), including 0 DDIO, 0 PLL, 0 transceiver and 0 LCELL
Warning (21074): Design contains 3 input pin(s) that do not drive logic
    Warning (15610): No output dependent on input pin "KEY[1]" File: S:/ESD_1/lab__work/Lab_4/Lab4.vhd Line: 16
    Warning (15610): No output dependent on input pin "KEY[2]" File: S:/ESD_1/lab__work/Lab_4/Lab4.vhd Line: 16
    Warning (15610): No output dependent on input pin "KEY[3]" File: S:/ESD_1/lab__work/Lab_4/Lab4.vhd Line: 16
Info (21057): Implemented 170 device resources after synthesis - the final resource count might be different
    Info (21058): Implemented 5 input pins
    Info (21059): Implemented 36 output pins
    Info (21061): Implemented 129 logic cells
Info: Quartus Prime Analysis & Synthesis was successful. 0 errors, 44 warnings
    Info: Peak virtual memory: 4908 megabytes
    Info: Processing ended: Fri Feb 28 14:32:00 2025
    Info: Elapsed time: 00:00:11
    Info: Total CPU time (on all processors): 00:00:06


